<?xml version="1.0" encoding="UTF-8"?>
<testng-results ignored="0" total="20" passed="19" failed="1" skipped="0">
  <reporter-output>
  </reporter-output>
  <suite started-at="2023-11-20T19:07:52 CST" name="Command line suite" finished-at="2023-11-20T19:07:52 CST" duration-ms="88">
    <groups>
    </groups>
    <test started-at="2023-11-20T19:07:52 CST" name="Command line test" finished-at="2023-11-20T19:07:52 CST" duration-ms="88">
      <class name="eost.ClassesTest">
        <test-method signature="test_classify(java.lang.String, long, boolean, eost.Classes$Classification)[pri:0, instance:eost.ClassesTest@1f9e9475]" started-at="2023-11-20T19:07:52 CST" name="test_classify" data-provider="dataset1" finished-at="2023-11-20T19:07:52 CST" duration-ms="15" status="PASS">
          <params>
            <param index="0">
              <value>
                <![CDATA[TEP1]]>
              </value>
            </param>
            <param index="1">
              <value>
                <![CDATA[20]]>
              </value>
            </param>
            <param index="2">
              <value>
                <![CDATA[true]]>
              </value>
            </param>
            <param index="3">
              <value>
                <![CDATA[ERROR]]>
              </value>
            </param>
          </params>
          <reporter-output>
          </reporter-output>
        </test-method> <!-- test_classify -->
        <test-method signature="test_classify(java.lang.String, long, boolean, eost.Classes$Classification)[pri:0, instance:eost.ClassesTest@1f9e9475]" started-at="2023-11-20T19:07:52 CST" name="test_classify" data-provider="dataset1" finished-at="2023-11-20T19:07:52 CST" duration-ms="0" status="PASS">
          <params>
            <param index="0">
              <value>
                <![CDATA[TEP3]]>
              </value>
            </param>
            <param index="1">
              <value>
                <![CDATA[70]]>
              </value>
            </param>
            <param index="2">
              <value>
                <![CDATA[false]]>
              </value>
            </param>
            <param index="3">
              <value>
                <![CDATA[JUNIOR]]>
              </value>
            </param>
          </params>
          <reporter-output>
          </reporter-output>
        </test-method> <!-- test_classify -->
        <test-method signature="test_classify(java.lang.String, long, boolean, eost.Classes$Classification)[pri:0, instance:eost.ClassesTest@1f9e9475]" started-at="2023-11-20T19:07:52 CST" name="test_classify" data-provider="dataset1" finished-at="2023-11-20T19:07:52 CST" duration-ms="0" status="PASS">
          <params>
            <param index="0">
              <value>
                <![CDATA[TEP5]]>
              </value>
            </param>
            <param index="1">
              <value>
                <![CDATA[130]]>
              </value>
            </param>
            <param index="2">
              <value>
                <![CDATA[false]]>
              </value>
            </param>
            <param index="3">
              <value>
                <![CDATA[SENIOR]]>
              </value>
            </param>
          </params>
          <reporter-output>
          </reporter-output>
        </test-method> <!-- test_classify -->
        <test-method signature="test_classify(java.lang.String, long, boolean, eost.Classes$Classification)[pri:0, instance:eost.ClassesTest@1f9e9475]" started-at="2023-11-20T19:07:52 CST" name="test_classify" data-provider="dataset1" finished-at="2023-11-20T19:07:52 CST" duration-ms="0" status="PASS">
          <params>
            <param index="0">
              <value>
                <![CDATA[TBV5]]>
              </value>
            </param>
            <param index="1">
              <value>
                <![CDATA[60]]>
              </value>
            </param>
            <param index="2">
              <value>
                <![CDATA[false]]>
              </value>
            </param>
            <param index="3">
              <value>
                <![CDATA[JUNIOR]]>
              </value>
            </param>
          </params>
          <reporter-output>
          </reporter-output>
        </test-method> <!-- test_classify -->
        <test-method signature="test_classify(java.lang.String, long, boolean, eost.Classes$Classification)[pri:0, instance:eost.ClassesTest@1f9e9475]" started-at="2023-11-20T19:07:52 CST" name="test_classify" data-provider="dataset1" finished-at="2023-11-20T19:07:52 CST" duration-ms="0" status="PASS">
          <params>
            <param index="0">
              <value>
                <![CDATA[TDT3]]>
              </value>
            </param>
            <param index="1">
              <value>
                <![CDATA[70]]>
              </value>
            </param>
            <param index="2">
              <value>
                <![CDATA[true]]>
              </value>
            </param>
            <param index="3">
              <value>
                <![CDATA[ERROR]]>
              </value>
            </param>
          </params>
          <reporter-output>
          </reporter-output>
        </test-method> <!-- test_classify -->
        <test-method signature="test_classify(java.lang.String, long, boolean, eost.Classes$Classification)[pri:0, instance:eost.ClassesTest@1f9e9475]" started-at="2023-11-20T19:07:52 CST" name="test_classify" data-provider="dataset1" finished-at="2023-11-20T19:07:52 CST" duration-ms="0" status="PASS">
          <params>
            <param index="0">
              <value>
                <![CDATA[TBV1]]>
              </value>
            </param>
            <param index="1">
              <value>
                <![CDATA[0]]>
              </value>
            </param>
            <param index="2">
              <value>
                <![CDATA[true]]>
              </value>
            </param>
            <param index="3">
              <value>
                <![CDATA[ERROR]]>
              </value>
            </param>
          </params>
          <reporter-output>
          </reporter-output>
        </test-method> <!-- test_classify -->
        <test-method signature="test_classify(java.lang.String, long, boolean, eost.Classes$Classification)[pri:0, instance:eost.ClassesTest@1f9e9475]" started-at="2023-11-20T19:07:52 CST" name="test_classify" data-provider="dataset1" finished-at="2023-11-20T19:07:52 CST" duration-ms="0" status="PASS">
          <params>
            <param index="0">
              <value>
                <![CDATA[TEP2]]>
              </value>
            </param>
            <param index="1">
              <value>
                <![CDATA[50]]>
              </value>
            </param>
            <param index="2">
              <value>
                <![CDATA[false]]>
              </value>
            </param>
            <param index="3">
              <value>
                <![CDATA[SOPHOMORE]]>
              </value>
            </param>
          </params>
          <reporter-output>
          </reporter-output>
        </test-method> <!-- test_classify -->
        <test-method signature="test_classify(java.lang.String, long, boolean, eost.Classes$Classification)[pri:0, instance:eost.ClassesTest@1f9e9475]" started-at="2023-11-20T19:07:52 CST" name="test_classify" data-provider="dataset1" finished-at="2023-11-20T19:07:52 CST" duration-ms="0" status="PASS">
          <params>
            <param index="0">
              <value>
                <![CDATA[TBV9*]]>
              </value>
            </param>
            <param index="1">
              <value>
                <![CDATA[-9223372036854775808]]>
              </value>
            </param>
            <param index="2">
              <value>
                <![CDATA[false]]>
              </value>
            </param>
            <param index="3">
              <value>
                <![CDATA[ERROR]]>
              </value>
            </param>
          </params>
          <reporter-output>
          </reporter-output>
        </test-method> <!-- test_classify -->
        <test-method signature="test_classify(java.lang.String, long, boolean, eost.Classes$Classification)[pri:0, instance:eost.ClassesTest@1f9e9475]" started-at="2023-11-20T19:07:52 CST" name="test_classify" data-provider="dataset1" finished-at="2023-11-20T19:07:52 CST" duration-ms="0" status="PASS">
          <params>
            <param index="0">
              <value>
                <![CDATA[TDT1]]>
              </value>
            </param>
            <param index="1">
              <value>
                <![CDATA[20]]>
              </value>
            </param>
            <param index="2">
              <value>
                <![CDATA[false]]>
              </value>
            </param>
            <param index="3">
              <value>
                <![CDATA[FRESHMAN]]>
              </value>
            </param>
          </params>
          <reporter-output>
          </reporter-output>
        </test-method> <!-- test_classify -->
        <test-method signature="test_classify(java.lang.String, long, boolean, eost.Classes$Classification)[pri:0, instance:eost.ClassesTest@1f9e9475]" started-at="2023-11-20T19:07:52 CST" name="test_classify" data-provider="dataset1" finished-at="2023-11-20T19:07:52 CST" duration-ms="0" status="PASS">
          <params>
            <param index="0">
              <value>
                <![CDATA[TBV2]]>
              </value>
            </param>
            <param index="1">
              <value>
                <![CDATA[29]]>
              </value>
            </param>
            <param index="2">
              <value>
                <![CDATA[false]]>
              </value>
            </param>
            <param index="3">
              <value>
                <![CDATA[FRESHMAN]]>
              </value>
            </param>
          </params>
          <reporter-output>
          </reporter-output>
        </test-method> <!-- test_classify -->
        <test-method signature="test_classify(java.lang.String, long, boolean, eost.Classes$Classification)[pri:0, instance:eost.ClassesTest@1f9e9475]" started-at="2023-11-20T19:07:52 CST" name="test_classify" data-provider="dataset1" finished-at="2023-11-20T19:07:52 CST" duration-ms="0" status="PASS">
          <params>
            <param index="0">
              <value>
                <![CDATA[TDT4]]>
              </value>
            </param>
            <param index="1">
              <value>
                <![CDATA[100]]>
              </value>
            </param>
            <param index="2">
              <value>
                <![CDATA[true]]>
              </value>
            </param>
            <param index="3">
              <value>
                <![CDATA[ERROR]]>
              </value>
            </param>
          </params>
          <reporter-output>
          </reporter-output>
        </test-method> <!-- test_classify -->
        <test-method signature="test_classify(java.lang.String, long, boolean, eost.Classes$Classification)[pri:0, instance:eost.ClassesTest@1f9e9475]" started-at="2023-11-20T19:07:52 CST" name="test_classify" data-provider="dataset1" finished-at="2023-11-20T19:07:52 CST" duration-ms="0" status="PASS">
          <params>
            <param index="0">
              <value>
                <![CDATA[TEP4]]>
              </value>
            </param>
            <param index="1">
              <value>
                <![CDATA[100]]>
              </value>
            </param>
            <param index="2">
              <value>
                <![CDATA[false]]>
              </value>
            </param>
            <param index="3">
              <value>
                <![CDATA[SENIOR]]>
              </value>
            </param>
          </params>
          <reporter-output>
          </reporter-output>
        </test-method> <!-- test_classify -->
        <test-method signature="test_classify(java.lang.String, long, boolean, eost.Classes$Classification)[pri:0, instance:eost.ClassesTest@1f9e9475]" started-at="2023-11-20T19:07:52 CST" name="test_classify" data-provider="dataset1" finished-at="2023-11-20T19:07:52 CST" duration-ms="0" status="PASS">
          <params>
            <param index="0">
              <value>
                <![CDATA[TBV6]]>
              </value>
            </param>
            <param index="1">
              <value>
                <![CDATA[89]]>
              </value>
            </param>
            <param index="2">
              <value>
                <![CDATA[false]]>
              </value>
            </param>
            <param index="3">
              <value>
                <![CDATA[JUNIOR]]>
              </value>
            </param>
          </params>
          <reporter-output>
          </reporter-output>
        </test-method> <!-- test_classify -->
        <test-method signature="test_classify(java.lang.String, long, boolean, eost.Classes$Classification)[pri:0, instance:eost.ClassesTest@1f9e9475]" started-at="2023-11-20T19:07:52 CST" name="test_classify" data-provider="dataset1" finished-at="2023-11-20T19:07:52 CST" duration-ms="0" status="PASS">
          <params>
            <param index="0">
              <value>
                <![CDATA[TBV10*]]>
              </value>
            </param>
            <param index="1">
              <value>
                <![CDATA[-1]]>
              </value>
            </param>
            <param index="2">
              <value>
                <![CDATA[false]]>
              </value>
            </param>
            <param index="3">
              <value>
                <![CDATA[ERROR]]>
              </value>
            </param>
          </params>
          <reporter-output>
          </reporter-output>
        </test-method> <!-- test_classify -->
        <test-method signature="test_classify(java.lang.String, long, boolean, eost.Classes$Classification)[pri:0, instance:eost.ClassesTest@1f9e9475]" started-at="2023-11-20T19:07:52 CST" name="test_classify" data-provider="dataset1" finished-at="2023-11-20T19:07:52 CST" duration-ms="0" status="FAIL">
          <params>
            <param index="0">
              <value>
                <![CDATA[TBV8]]>
              </value>
            </param>
            <param index="1">
              <value>
                <![CDATA[9223372036854775807]]>
              </value>
            </param>
            <param index="2">
              <value>
                <![CDATA[false]]>
              </value>
            </param>
            <param index="3">
              <value>
                <![CDATA[SENIOR]]>
              </value>
            </param>
          </params>
          <exception class="java.lang.AssertionError">
            <message>
              <![CDATA[expected [SENIOR] but found [JUNIOR]]]>
            </message>
            <full-stacktrace>
              <![CDATA[java.lang.AssertionError: expected [SENIOR] but found [JUNIOR]
at org.testng.Assert.fail(Assert.java:97)
at org.testng.Assert.assertEqualsImpl(Assert.java:136)
at org.testng.Assert.assertEquals(Assert.java:118)
at org.testng.Assert.assertEquals(Assert.java:563)
at eost.ClassesTest.test_classify(ClassesTest.java:55)
at java.base/jdk.internal.reflect.DirectMethodHandleAccessor.invoke(DirectMethodHandleAccessor.java:104)
at java.base/java.lang.reflect.Method.invoke(Method.java:577)
at org.testng.internal.MethodInvocationHelper.invokeMethod(MethodInvocationHelper.java:134)
at org.testng.internal.TestInvoker.invokeMethod(TestInvoker.java:597)
at org.testng.internal.TestInvoker.invokeTestMethod(TestInvoker.java:173)
at org.testng.internal.MethodRunner.runInSequence(MethodRunner.java:46)
at org.testng.internal.TestInvoker$MethodInvocationAgent.invoke(TestInvoker.java:816)
at org.testng.internal.TestInvoker.invokeTestMethods(TestInvoker.java:146)
at org.testng.internal.TestMethodWorker.invokeTestMethods(TestMethodWorker.java:146)
at org.testng.internal.TestMethodWorker.run(TestMethodWorker.java:128)
at java.base/java.util.ArrayList.forEach(ArrayList.java:1511)
at org.testng.TestRunner.privateRun(TestRunner.java:766)
at org.testng.TestRunner.run(TestRunner.java:587)
at org.testng.SuiteRunner.runTest(SuiteRunner.java:384)
at org.testng.SuiteRunner.runSequentially(SuiteRunner.java:378)
at org.testng.SuiteRunner.privateRun(SuiteRunner.java:337)
at org.testng.SuiteRunner.run(SuiteRunner.java:286)
at org.testng.SuiteRunnerWorker.runSuite(SuiteRunnerWorker.java:53)
at org.testng.SuiteRunnerWorker.run(SuiteRunnerWorker.java:96)
at org.testng.TestNG.runSuitesSequentially(TestNG.java:1187)
at org.testng.TestNG.runSuitesLocally(TestNG.java:1109)
at org.testng.TestNG.runSuites(TestNG.java:1039)
at org.testng.TestNG.run(TestNG.java:1007)
at org.testng.TestNG.privateMain(TestNG.java:1336)
at org.testng.TestNG.main(TestNG.java:1304)
]]>
            </full-stacktrace>
          </exception> <!-- java.lang.AssertionError -->
          <reporter-output>
          </reporter-output>
        </test-method> <!-- test_classify -->
        <test-method signature="test_classify(java.lang.String, long, boolean, eost.Classes$Classification)[pri:0, instance:eost.ClassesTest@1f9e9475]" started-at="2023-11-20T19:07:52 CST" name="test_classify" data-provider="dataset1" finished-at="2023-11-20T19:07:52 CST" duration-ms="0" status="PASS">
          <params>
            <param index="0">
              <value>
                <![CDATA[TBV4]]>
              </value>
            </param>
            <param index="1">
              <value>
                <![CDATA[59]]>
              </value>
            </param>
            <param index="2">
              <value>
                <![CDATA[false]]>
              </value>
            </param>
            <param index="3">
              <value>
                <![CDATA[SOPHOMORE]]>
              </value>
            </param>
          </params>
          <reporter-output>
          </reporter-output>
        </test-method> <!-- test_classify -->
        <test-method signature="test_classify(java.lang.String, long, boolean, eost.Classes$Classification)[pri:0, instance:eost.ClassesTest@1f9e9475]" started-at="2023-11-20T19:07:52 CST" name="test_classify" data-provider="dataset1" finished-at="2023-11-20T19:07:52 CST" duration-ms="0" status="PASS">
          <params>
            <param index="0">
              <value>
                <![CDATA[TBV7]]>
              </value>
            </param>
            <param index="1">
              <value>
                <![CDATA[90]]>
              </value>
            </param>
            <param index="2">
              <value>
                <![CDATA[false]]>
              </value>
            </param>
            <param index="3">
              <value>
                <![CDATA[SENIOR]]>
              </value>
            </param>
          </params>
          <reporter-output>
          </reporter-output>
        </test-method> <!-- test_classify -->
        <test-method signature="test_classify(java.lang.String, long, boolean, eost.Classes$Classification)[pri:0, instance:eost.ClassesTest@1f9e9475]" started-at="2023-11-20T19:07:52 CST" name="test_classify" data-provider="dataset1" finished-at="2023-11-20T19:07:52 CST" duration-ms="0" status="PASS">
          <params>
            <param index="0">
              <value>
                <![CDATA[TEP6*]]>
              </value>
            </param>
            <param index="1">
              <value>
                <![CDATA[-10]]>
              </value>
            </param>
            <param index="2">
              <value>
                <![CDATA[false]]>
              </value>
            </param>
            <param index="3">
              <value>
                <![CDATA[ERROR]]>
              </value>
            </param>
          </params>
          <reporter-output>
          </reporter-output>
        </test-method> <!-- test_classify -->
        <test-method signature="test_classify(java.lang.String, long, boolean, eost.Classes$Classification)[pri:0, instance:eost.ClassesTest@1f9e9475]" started-at="2023-11-20T19:07:52 CST" name="test_classify" data-provider="dataset1" finished-at="2023-11-20T19:07:52 CST" duration-ms="0" status="PASS">
          <params>
            <param index="0">
              <value>
                <![CDATA[TBV3]]>
              </value>
            </param>
            <param index="1">
              <value>
                <![CDATA[30]]>
              </value>
            </param>
            <param index="2">
              <value>
                <![CDATA[false]]>
              </value>
            </param>
            <param index="3">
              <value>
                <![CDATA[SOPHOMORE]]>
              </value>
            </param>
          </params>
          <reporter-output>
          </reporter-output>
        </test-method> <!-- test_classify -->
        <test-method signature="test_classify(java.lang.String, long, boolean, eost.Classes$Classification)[pri:0, instance:eost.ClassesTest@1f9e9475]" started-at="2023-11-20T19:07:52 CST" name="test_classify" data-provider="dataset1" finished-at="2023-11-20T19:07:52 CST" duration-ms="0" status="PASS">
          <params>
            <param index="0">
              <value>
                <![CDATA[TDT2]]>
              </value>
            </param>
            <param index="1">
              <value>
                <![CDATA[50]]>
              </value>
            </param>
            <param index="2">
              <value>
                <![CDATA[true]]>
              </value>
            </param>
            <param index="3">
              <value>
                <![CDATA[ERROR]]>
              </value>
            </param>
          </params>
          <reporter-output>
          </reporter-output>
        </test-method> <!-- test_classify -->
      </class> <!-- eost.ClassesTest -->
    </test> <!-- Command line test -->
  </suite> <!-- Command line suite -->
</testng-results>
